# JRE version: OpenJDK Runtime Environment (17.0.10) (build 17.0.10+0--11572160)
# Java VM: OpenJDK 64-Bit Server VM (17.0.10+0--11572160, mixed mode, tiered, compressed oops, compressed class ptrs, g1 gc, windows-amd64)
GC Precious Log:
 CPUs: 8 total, 8 available
 Memory: 16194M
 Large Page Support: Disabled
 NUMA Support: Disabled
 Compressed Oops: Enabled (32-bit)
 Heap Region Size: 1M
 Heap Min Capacity: 8M
 Heap Initial Capacity: 254M
 Heap Max Capacity: 2G
 Pre-touch: Disabled
 Parallel Workers: 8
 Concurrent Workers: 2
 Concurrent Refinement Workers: 8
 Periodic GC: Disabled
Heap:
 garbage-first heap   total 447488K, used 267079K [0x0000000080000000, 0x0000000100000000)
  region size 1024K, 17 young (17408K), 17 survivors (17408K)
 Metaspace       used 220833K, committed 221888K, reserved 1245184K
  class space    used 28117K, committed 28608K, reserved 1048576K
GC Heap History (20 events):
Event: 5680.290 GC heap after
{Heap after GC invocations=157 (full 0):
 garbage-first heap   total 447488K, used 261866K [0x0000000080000000, 0x0000000100000000)
  region size 1024K, 16 young (16384K), 16 survivors (16384K)
 Metaspace       used 205964K, committed 207360K, reserved 1245184K
  class space    used 26140K, committed 26880K, reserved 1048576K
}
Event: 5680.339 GC heap before
{Heap before GC invocations=157 (full 0):
 garbage-first heap   total 447488K, used 265962K [0x0000000080000000, 0x0000000100000000)
  region size 1024K, 21 young (21504K), 16 survivors (16384K)
 Metaspace       used 206211K, committed 207488K, reserved 1245184K
  class space    used 26160K, committed 26880K, reserved 1048576K
}
Event: 5680.383 GC heap after
{Heap after GC invocations=158 (full 0):
 garbage-first heap   total 447488K, used 243769K [0x0000000080000000, 0x0000000100000000)
  region size 1024K, 3 young (3072K), 3 survivors (3072K)
 Metaspace       used 206211K, committed 207488K, reserved 1245184K
  class space    used 26160K, committed 26880K, reserved 1048576K
}
Event: 5681.245 GC heap before
{Heap before GC invocations=158 (full 0):
 garbage-first heap   total 447488K, used 358457K [0x0000000080000000, 0x0000000100000000)
  region size 1024K, 114 young (116736K), 3 survivors (3072K)
 Metaspace       used 209855K, committed 210944K, reserved 1245184K
  class space    used 26519K, committed 27072K, reserved 1048576K
}
Event: 5681.254 GC heap after
{Heap after GC invocations=159 (full 0):
 garbage-first heap   total 447488K, used 248396K [0x0000000080000000, 0x0000000100000000)
  region size 1024K, 8 young (8192K), 8 survivors (8192K)
 Metaspace       used 209855K, committed 210944K, reserved 1245184K
  class space    used 26519K, committed 27072K, reserved 1048576K
}
Event: 5682.691 GC heap before
{Heap before GC invocations=159 (full 0):
 garbage-first heap   total 447488K, used 362060K [0x0000000080000000, 0x0000000100000000)
  region size 1024K, 120 young (122880K), 8 survivors (8192K)
 Metaspace       used 212398K, committed 213440K, reserved 1245184K
  class space    used 26822K, committed 27328K, reserved 1048576K
}
Event: 5682.700 GC heap after
{Heap after GC invocations=160 (full 0):
 garbage-first heap   total 447488K, used 248503K [0x0000000080000000, 0x0000000100000000)
  region size 1024K, 8 young (8192K), 8 survivors (8192K)
 Metaspace       used 212398K, committed 213440K, reserved 1245184K
  class space    used 26822K, committed 27328K, reserved 1048576K
}
Event: 5683.494 GC heap before
{Heap before GC invocations=160 (full 0):
 garbage-first heap   total 447488K, used 364215K [0x0000000080000000, 0x0000000100000000)
  region size 1024K, 122 young (124928K), 8 survivors (8192K)
 Metaspace       used 213334K, committed 214400K, reserved 1245184K
  class space    used 26942K, committed 27456K, reserved 1048576K
}
Event: 5683.506 GC heap after
{Heap after GC invocations=161 (full 0):
 garbage-first heap   total 447488K, used 249720K [0x0000000080000000, 0x0000000100000000)
  region size 1024K, 9 young (9216K), 9 survivors (9216K)
 Metaspace       used 213334K, committed 214400K, reserved 1245184K
  class space    used 26942K, committed 27456K, reserved 1048576K
}
Event: 5684.334 GC heap before
{Heap before GC invocations=162 (full 0):
 garbage-first heap   total 447488K, used 353783K [0x0000000080000000, 0x0000000100000000)
  region size 1024K, 126 young (129024K), 9 survivors (9216K)
 Metaspace       used 213552K, committed 214656K, reserved 1245184K
  class space    used 26961K, committed 27456K, reserved 1048576K
}
Event: 5684.345 GC heap after
{Heap after GC invocations=163 (full 0):
 garbage-first heap   total 447488K, used 239136K [0x0000000080000000, 0x0000000100000000)
  region size 1024K, 13 young (13312K), 13 survivors (13312K)
 Metaspace       used 213552K, committed 214656K, reserved 1245184K
  class space    used 26961K, committed 27456K, reserved 1048576K
}
Event: 5684.382 GC heap before
{Heap before GC invocations=163 (full 0):
 garbage-first heap   total 447488K, used 246304K [0x0000000080000000, 0x0000000100000000)
  region size 1024K, 21 young (21504K), 13 survivors (13312K)
 Metaspace       used 213555K, committed 214656K, reserved 1245184K
  class space    used 26961K, committed 27456K, reserved 1048576K
}
Event: 5684.459 GC heap after
{Heap after GC invocations=164 (full 0):
 garbage-first heap   total 447488K, used 211328K [0x0000000080000000, 0x0000000100000000)
  region size 1024K, 3 young (3072K), 3 survivors (3072K)
 Metaspace       used 213555K, committed 214656K, reserved 1245184K
  class space    used 26961K, committed 27456K, reserved 1048576K
}
Event: 5684.769 GC heap before
{Heap before GC invocations=164 (full 0):
 garbage-first heap   total 447488K, used 228736K [0x0000000080000000, 0x0000000100000000)
  region size 1024K, 21 young (21504K), 3 survivors (3072K)
 Metaspace       used 213607K, committed 214656K, reserved 1245184K
  class space    used 26971K, committed 27456K, reserved 1048576K
}
Event: 5684.788 GC heap after
{Heap after GC invocations=165 (full 0):
 garbage-first heap   total 447488K, used 206415K [0x0000000080000000, 0x0000000100000000)
  region size 1024K, 3 young (3072K), 3 survivors (3072K)
 Metaspace       used 213607K, committed 214656K, reserved 1245184K
  class space    used 26971K, committed 27456K, reserved 1048576K
}
Event: 5686.146 GC heap before
{Heap before GC invocations=165 (full 0):
 garbage-first heap   total 447488K, used 360015K [0x0000000080000000, 0x0000000100000000)
  region size 1024K, 152 young (155648K), 3 survivors (3072K)
 Metaspace       used 216341K, committed 217408K, reserved 1245184K
  class space    used 27395K, committed 27904K, reserved 1048576K
}
Event: 5686.161 GC heap after
{Heap after GC invocations=166 (full 0):
 garbage-first heap   total 447488K, used 225280K [0x0000000080000000, 0x0000000100000000)
  region size 1024K, 19 young (19456K), 19 survivors (19456K)
 Metaspace       used 216341K, committed 217408K, reserved 1245184K
  class space    used 27395K, committed 27904K, reserved 1048576K
}
Event: 5687.007 GC heap before
{Heap before GC invocations=166 (full 0):
 garbage-first heap   total 447488K, used 359424K [0x0000000080000000, 0x0000000100000000)
  region size 1024K, 151 young (154624K), 19 survivors (19456K)
 Metaspace       used 219052K, committed 220096K, reserved 1245184K
  class space    used 27776K, committed 28288K, reserved 1048576K
}
Event: 5687.044 GC heap after
{Heap after GC invocations=167 (full 0):
 garbage-first heap   total 447488K, used 248207K [0x0000000080000000, 0x0000000100000000)
  region size 1024K, 19 young (19456K), 19 survivors (19456K)
 Metaspace       used 219052K, committed 220096K, reserved 1245184K
  class space    used 27776K, committed 28288K, reserved 1048576K
}
Event: 5687.461 GC heap before
{Heap before GC invocations=167 (full 0):
 garbage-first heap   total 447488K, used 361871K [0x0000000080000000, 0x0000000100000000)
  region size 1024K, 130 young (133120K), 19 survivors (19456K)
 Metaspace       used 220833K, committed 221888K, reserved 1245184K
  class space    used 28117K, committed 28608K, reserved 1048576K
}

